<?xml version="1.0" encoding="UTF-8"?>
<!-- Generated by org.testng.reporters.JUnitReportReporter -->
<testsuite skipped="0" hostname="CLPT1175.local" name="tests.DragAndDropAndPageScroll" tests="1" failures="0" timestamp="23 Apr 2022 14:15:03 GMT" time="6.786" errors="0">
  <testcase name="ScrollIntoTheView" time="6.786" classname="tests.DragAndDropAndPageScroll"/>
</testsuite> <!-- tests.DragAndDropAndPageScroll -->
