<?xml version="1.0" encoding="UTF-8"?>
<!-- Generated by org.testng.reporters.JUnitReportReporter -->
<testsuite skipped="0" hostname="CLPT1175.local" name="tests.WindowHandlesInSelenium" tests="1" failures="0" timestamp="03 Apr 2022 18:45:06 GMT" time="81.022" errors="0">
  <testcase name="windowHandlesExamples" time="81.022" classname="tests.WindowHandlesInSelenium"/>
</testsuite> <!-- tests.WindowHandlesInSelenium -->
