<?xml version="1.0" encoding="UTF-8"?>
<!-- Generated by org.testng.reporters.JUnitReportReporter -->
<testsuite skipped="0" hostname="CLPT1175.local" name="tests.ParallelTests" tests="2" failures="0" timestamp="23 Apr 2022 08:19:55 GMT" time="8.300" errors="0">
  <testcase name="chromeDriverTest2" time="2.764" classname="tests.ParallelTests"/>
  <testcase name="chromeDriverTest" time="5.536" classname="tests.ParallelTests"/>
</testsuite> <!-- tests.ParallelTests -->
