<?xml version="1.0" encoding="UTF-8"?>
<!-- Generated by org.testng.reporters.JUnitReportReporter -->
<testsuite skipped="0" hostname="CLPT1175.local" name="tests.SeleniumChallenge1" tests="1" failures="0" timestamp="10 Apr 2022 19:08:48 GMT" time="259.308" errors="0">
  <testcase name="Zoomplatest1" time="259.308" classname="tests.SeleniumChallenge1"/>
</testsuite> <!-- tests.SeleniumChallenge1 -->
