<?xml version="1.0" encoding="UTF-8"?>
<!-- Generated by org.testng.reporters.JUnitReportReporter -->
<testsuite skipped="0" hostname="CLPT1175.local" name="tests.DragAndDrop" tests="1" failures="0" timestamp="23 Apr 2022 13:14:05 GMT" time="3.351" errors="0">
  <testcase name="dragAndDrop" time="3.351" classname="tests.DragAndDrop"/>
</testsuite> <!-- tests.DragAndDrop -->
