<?xml version="1.0" encoding="UTF-8"?>
<!-- Generated by org.testng.reporters.JUnitReportReporter -->
<testsuite skipped="0" hostname="CLPT1175.local" name="tests.FindBrokenImages" tests="1" failures="0" timestamp="04 Apr 2022 18:26:43 GMT" time="1.764" errors="0">
  <testcase name="findBrokenImagesFromPage" time="1.764" classname="tests.FindBrokenImages"/>
</testsuite> <!-- tests.FindBrokenImages -->
